[2025-11-05 16:25:25] MODIFY spec.md [section: Development Workflow updated to align with Core Objectives]
[2025-11-05 17:44:10] TEST test_file.txt [size: 100 bytes]
[2025-11-05 17:44:10] CREATE /tmp/test_production_log.txt [size: 12 bytes]
[2025-11-05 17:44:12] CREATE .gitignore [size: 458 bytes]
[2025-11-05 17:44:12] CREATE production_utils.py [size: 9762 bytes]
[2025-11-05 17:44:12] CREATE production_analysis.ipynb [size: 5806 bytes]
[2025-11-05 18:00:58] CREATE utils.py [size: 9824 bytes]
[2025-11-05 18:00:59] CREATE utils.py [size: 9824 bytes]
[2025-11-05 18:01:07] DELETE production_analysis.ipynb [replaced by cluster_analysis.ipynb]
[2025-11-05 18:01:17] CREATE cluster_analysis.ipynb [size: 130 bytes]
[2025-11-05 18:01:31] MODIFY cluster_analysis.ipynb [size: 7516 bytes]
[2025-11-05 18:12:19] CREATE plots.py [size: 4908 bytes]
[2025-11-05 18:12:30] MODIFY cluster_analysis.ipynb [removed external imports, using only local modules]
[2025-11-05 18:14:26] MODIFY utils.py [added extract_positions_from_data and extract_names_from_data functions]
[2025-11-05 18:14:27] MODIFY plots.py [removed extract_positions_from_data and extract_names_from_data - moved to utils.py]
[2025-11-05 18:14:27] MODIFY cluster_analysis.ipynb [updated imports to get extract functions from utils instead of plots]
[2025-11-05 18:18:42] MODIFY utils.py [removed unused functions: log_file_operations, FileOperationLogger, load_trajectory, extract_positions_from_data, extract_names_from_data]
[2025-11-05 18:18:44] MODIFY cluster_analysis.ipynb [removed imports for unused functions]
[2025-11-05 18:18:59] MODIFY utils.py [removed extract_positions_from_data and extract_names_from_data - not used]
[2025-11-05 18:23:10] MODIFY utils.py [removed get_frame_data - redundant wrapper around pipeline.compute()]
[2025-11-05 18:23:11] MODIFY cluster_analysis.ipynb [removed get_frame_data import and usage, using pipeline.compute() directly]
[2025-11-05 18:24:40] MODIFY cluster_analysis.ipynb [cleaned notebook: removed old cell, improved use of utils functions]
[2025-11-05 19:26:02] MODIFY utils.py [size: 15569 bytes, Phase 2: Added Voronoi tessellation functions]
[2025-11-05 19:26:02] MODIFY cluster_analysis.ipynb [size: 15719 bytes, Phase 2: Added Voronoi tessellation cells]
[2025-11-05 19:30:34] MODIFY cluster_analysis.ipynb [simplified: removed analysis, kept only operations]
[2025-11-05 19:35:40] MODIFY utils.py [fixed face area extraction: now extracts from SurfaceMesh voronoi-polyhedra]
[2025-11-05 19:45:45] MODIFY utils.py [added generate_polyhedra=True to VoronoiAnalysisModifier to enable face area extraction from surface mesh]
[2025-11-06 04:09:25] MODIFY utils.py [Phase 3 Enhanced: Added compute_topological_coordination(), enhanced build_coordination_histograms() with coordination_type parameter, updated compute_weighted_coordination_analysis() to include topological coordination]
[2025-11-06 04:09:25] MODIFY plots.py [Phase 3 Enhanced: Enhanced plot_coordination_histograms() and plot_weighted_coordination_comparison() with statistics display (mean±std, median) and flexible coordination type switching]
[2025-11-06 04:09:25] MODIFY cluster_analysis.ipynb [Phase 3 Enhanced: Added cells demonstrating coordination type switching (topological/area/solid_angle), statistics display on plots, and multiple comparison scatter plots]
